[debug] [2023-11-09T15:05:23.494Z] ----------------------------------------------------------------------
[debug] [2023-11-09T15:05:23.495Z] Command:       C:\Program Files\nodejs\node.exe C:\Users\PSABARIKRISHNAN\AppData\Roaming\npm\node_modules\firebase-tools\lib\bin\firebase.js init
[debug] [2023-11-09T15:05:23.496Z] CLI Version:   12.8.1
[debug] [2023-11-09T15:05:23.496Z] Platform:      win32
[debug] [2023-11-09T15:05:23.496Z] Node Version:  v18.17.1
[debug] [2023-11-09T15:05:23.497Z] Time:          Thu Nov 09 2023 20:35:23 GMT+0530 (India Standard Time)
[debug] [2023-11-09T15:05:23.497Z] ----------------------------------------------------------------------
[debug] 
[debug] [2023-11-09T15:05:23.502Z] > command requires scopes: ["email","openid","https://www.googleapis.com/auth/cloudplatformprojects.readonly","https://www.googleapis.com/auth/firebase","https://www.googleapis.com/auth/cloud-platform"]
[debug] [2023-11-09T15:05:23.502Z] > authorizing via signed-in user (psabarikrishnan@gmail.com)
[info] 
     ######## #### ########  ######## ########     ###     ######  ########
     ##        ##  ##     ## ##       ##     ##  ##   ##  ##       ##
     ######    ##  ########  ######   ########  #########  ######  ######
     ##        ##  ##    ##  ##       ##     ## ##     ##       ## ##
     ##       #### ##     ## ######## ########  ##     ##  ######  ########

You're about to initialize a Firebase project in this directory:

  C:\Users\PSABARIKRISHNAN\OneDrive\Desktop\ecs

[info] 
=== Project Setup
[info] 
[info] First, let's associate this project directory with a Firebase project.
[info] You can create multiple project aliases by running firebase use --add, 
[info] but for now we'll just set up a default project.
[info] 
[debug] [2023-11-09T15:05:40.670Z] > refreshing access token with scopes: []
[debug] [2023-11-09T15:05:40.672Z] >>> [apiv2][query] POST https://www.googleapis.com/oauth2/v3/token [none]
[debug] [2023-11-09T15:05:40.673Z] >>> [apiv2][body] POST https://www.googleapis.com/oauth2/v3/token [omitted]
[debug] [2023-11-09T15:05:40.880Z] <<< [apiv2][status] POST https://www.googleapis.com/oauth2/v3/token 200
[debug] [2023-11-09T15:05:40.880Z] <<< [apiv2][body] POST https://www.googleapis.com/oauth2/v3/token [omitted]
[debug] [2023-11-09T15:05:40.888Z] >>> [apiv2][query] GET https://firebase.googleapis.com/v1beta1/projects pageSize=100
[debug] [2023-11-09T15:05:42.510Z] <<< [apiv2][status] GET https://firebase.googleapis.com/v1beta1/projects 200
[debug] [2023-11-09T15:05:42.510Z] <<< [apiv2][body] GET https://firebase.googleapis.com/v1beta1/projects [omitted]
[info] i  Using project ecsproject-c230c (ecsProject) 
[info] 
=== Database Setup
[info] i  database: ensuring required API firebasedatabase.googleapis.com is enabled... 
[debug] [2023-11-09T15:05:44.501Z] >>> [apiv2][query] GET https://serviceusage.googleapis.com/v1/projects/ecsproject-c230c/services/firebasedatabase.googleapis.com [none]
[debug] [2023-11-09T15:05:44.501Z] >>> [apiv2][(partial)header] GET https://serviceusage.googleapis.com/v1/projects/ecsproject-c230c/services/firebasedatabase.googleapis.com x-goog-quota-user=projects/ecsproject-c230c
[debug] [2023-11-09T15:05:46.199Z] <<< [apiv2][status] GET https://serviceusage.googleapis.com/v1/projects/ecsproject-c230c/services/firebasedatabase.googleapis.com 200
[debug] [2023-11-09T15:05:46.199Z] <<< [apiv2][body] GET https://serviceusage.googleapis.com/v1/projects/ecsproject-c230c/services/firebasedatabase.googleapis.com [omitted]
[info] +  database: required API firebasedatabase.googleapis.com is enabled 
[info] 
[debug] [2023-11-09T15:05:46.202Z] >>> [apiv2][query] GET https://firebasedatabase.googleapis.com/v1beta/projects/ecsproject-c230c/locations/-/instances/ecsproject-c230c-default-rtdb [none]
[debug] [2023-11-09T15:05:47.951Z] <<< [apiv2][status] GET https://firebasedatabase.googleapis.com/v1beta/projects/ecsproject-c230c/locations/-/instances/ecsproject-c230c-default-rtdb 200
[debug] [2023-11-09T15:05:47.951Z] <<< [apiv2][body] GET https://firebasedatabase.googleapis.com/v1beta/projects/ecsproject-c230c/locations/-/instances/ecsproject-c230c-default-rtdb {"name":"projects/494233574699/locations/asia-southeast1/instances/ecsproject-c230c-default-rtdb","project":"projects/494233574699","databaseUrl":"https://ecsproject-c230c-default-rtdb.asia-southeast1.firebasedatabase.app","type":"DEFAULT_DATABASE","state":"ACTIVE"}
[info] 
[info] Firebase Realtime Database Security Rules allow you to define how your data should be
[info] structured and when your data can be read from and written to.
[info] 
[debug] [2023-11-09T15:05:53.392Z] >>> [apiv2][query] GET https://ecsproject-c230c-default-rtdb.asia-southeast1.firebasedatabase.app/.settings/rules.json [none]
[debug] [2023-11-09T15:05:53.633Z] <<< [apiv2][status] GET https://ecsproject-c230c-default-rtdb.asia-southeast1.firebasedatabase.app/.settings/rules.json 200
[debug] [2023-11-09T15:05:53.633Z] <<< [apiv2][body] GET https://ecsproject-c230c-default-rtdb.asia-southeast1.firebasedatabase.app/.settings/rules.json [stream]
[info] +  Database Rules for ecsproject-c230c-default-rtdb have been written to database.rules.json. 
[info] Future modifications to database.rules.json will update Realtime Database Security Rules when you run
[info] firebase deploy.
[info] 
=== Firestore Setup
[debug] [2023-11-09T15:05:53.639Z] >>> [apiv2][query] GET https://serviceusage.googleapis.com/v1/projects/ecsproject-c230c/services/firestore.googleapis.com [none]
[debug] [2023-11-09T15:05:53.639Z] >>> [apiv2][(partial)header] GET https://serviceusage.googleapis.com/v1/projects/ecsproject-c230c/services/firestore.googleapis.com x-goog-quota-user=projects/ecsproject-c230c
[debug] [2023-11-09T15:05:55.384Z] <<< [apiv2][status] GET https://serviceusage.googleapis.com/v1/projects/ecsproject-c230c/services/firestore.googleapis.com 200
[debug] [2023-11-09T15:05:55.385Z] <<< [apiv2][body] GET https://serviceusage.googleapis.com/v1/projects/ecsproject-c230c/services/firestore.googleapis.com [omitted]
[debug] [2023-11-09T15:05:55.385Z] >>> [apiv2][query] GET https://firestore.googleapis.com/v1/projects/ecsproject-c230c/databases/(default) [none]
[debug] [2023-11-09T15:05:55.768Z] <<< [apiv2][status] GET https://firestore.googleapis.com/v1/projects/ecsproject-c230c/databases/(default) 200
[debug] [2023-11-09T15:05:55.768Z] <<< [apiv2][body] GET https://firestore.googleapis.com/v1/projects/ecsproject-c230c/databases/(default) {"name":"projects/ecsproject-c230c/databases/(default)","uid":"7c974287-9953-47d9-88b3-e5c363b9be56","createTime":"2023-11-09T06:57:16.930917Z","updateTime":"2023-11-09T06:57:16.930917Z","locationId":"asia-south1","type":"FIRESTORE_NATIVE","concurrencyMode":"PESSIMISTIC","versionRetentionPeriod":"3600s","earliestVersionTime":"2023-11-09T14:05:55.800519Z","appEngineIntegrationMode":"DISABLED","keyPrefix":"j","pointInTimeRecoveryEnablement":"POINT_IN_TIME_RECOVERY_DISABLED","deleteProtectionState":"DELETE_PROTECTION_DISABLED","etag":"IL3fl9OYt4IDMMvHktKrtoID"}
[debug] [2023-11-09T15:05:55.768Z] database_type: FIRESTORE_NATIVE
[debug] [2023-11-09T15:05:55.769Z] > command requires scopes: ["email","openid","https://www.googleapis.com/auth/cloudplatformprojects.readonly","https://www.googleapis.com/auth/firebase","https://www.googleapis.com/auth/cloud-platform"]
[debug] [2023-11-09T15:05:55.769Z] > authorizing via signed-in user (psabarikrishnan@gmail.com)
[debug] [2023-11-09T15:05:55.769Z] [iam] checking project ecsproject-c230c for permissions ["firebase.projects.get"]
[debug] [2023-11-09T15:05:55.770Z] >>> [apiv2][query] POST https://cloudresourcemanager.googleapis.com/v1/projects/ecsproject-c230c:testIamPermissions [none]
[debug] [2023-11-09T15:05:55.770Z] >>> [apiv2][(partial)header] POST https://cloudresourcemanager.googleapis.com/v1/projects/ecsproject-c230c:testIamPermissions x-goog-quota-user=projects/ecsproject-c230c
[debug] [2023-11-09T15:05:55.770Z] >>> [apiv2][body] POST https://cloudresourcemanager.googleapis.com/v1/projects/ecsproject-c230c:testIamPermissions {"permissions":["firebase.projects.get"]}
[debug] [2023-11-09T15:05:57.160Z] <<< [apiv2][status] POST https://cloudresourcemanager.googleapis.com/v1/projects/ecsproject-c230c:testIamPermissions 200
[debug] [2023-11-09T15:05:57.161Z] <<< [apiv2][body] POST https://cloudresourcemanager.googleapis.com/v1/projects/ecsproject-c230c:testIamPermissions {"permissions":["firebase.projects.get"]}
[info] 
[info] Firestore Security Rules allow you to define how and when to allow
[info] requests. You can keep these rules in your project directory
[info] and publish them with firebase deploy.
[info] 
[debug] [2023-11-09T15:06:00.874Z] >>> [apiv2][query] GET https://firebaserules.googleapis.com/v1/projects/ecsproject-c230c/releases pageSize=10&pageToken=
[debug] [2023-11-09T15:06:02.394Z] <<< [apiv2][status] GET https://firebaserules.googleapis.com/v1/projects/ecsproject-c230c/releases 200
[debug] [2023-11-09T15:06:02.394Z] <<< [apiv2][body] GET https://firebaserules.googleapis.com/v1/projects/ecsproject-c230c/releases {"releases":[{"name":"projects/ecsproject-c230c/releases/cloud.firestore","rulesetName":"projects/ecsproject-c230c/rulesets/7dca5207-9048-46f7-a8c8-04487104e7b8","createTime":"2023-11-09T06:57:20.989987Z","updateTime":"2023-11-09T06:57:20.989987Z"}]}
[debug] [2023-11-09T15:06:02.394Z] Found ruleset: projects/ecsproject-c230c/rulesets/7dca5207-9048-46f7-a8c8-04487104e7b8
[debug] [2023-11-09T15:06:02.394Z] >>> [apiv2][query] GET https://firebaserules.googleapis.com/v1/projects/ecsproject-c230c/rulesets/7dca5207-9048-46f7-a8c8-04487104e7b8 [none]
[debug] [2023-11-09T15:06:03.796Z] <<< [apiv2][status] GET https://firebaserules.googleapis.com/v1/projects/ecsproject-c230c/rulesets/7dca5207-9048-46f7-a8c8-04487104e7b8 200
[debug] [2023-11-09T15:06:03.796Z] <<< [apiv2][body] GET https://firebaserules.googleapis.com/v1/projects/ecsproject-c230c/rulesets/7dca5207-9048-46f7-a8c8-04487104e7b8 [omitted]
[info] 
[info] Firestore indexes allow you to perform complex queries while
[info] maintaining performance that scales with the size of the result
[info] set. You can keep index definitions in your project directory
[info] and publish them with firebase deploy.
[info] 
[debug] [2023-11-09T15:06:06.506Z] >>> [apiv2][query] GET https://firestore.googleapis.com/v1/projects/ecsproject-c230c/databases/(default)/collectionGroups/-/indexes [none]
[debug] [2023-11-09T15:06:06.510Z] >>> [apiv2][query] GET https://firestore.googleapis.com/v1/projects/ecsproject-c230c/databases/(default)/collectionGroups/-/fields?filter=indexConfig.usesAncestorConfig=false OR ttlConfig:* [none]
[debug] [2023-11-09T15:06:06.788Z] <<< [apiv2][status] GET https://firestore.googleapis.com/v1/projects/ecsproject-c230c/databases/(default)/collectionGroups/-/indexes 200
[debug] [2023-11-09T15:06:06.788Z] <<< [apiv2][body] GET https://firestore.googleapis.com/v1/projects/ecsproject-c230c/databases/(default)/collectionGroups/-/indexes {}
[debug] [2023-11-09T15:06:06.815Z] <<< [apiv2][status] GET https://firestore.googleapis.com/v1/projects/ecsproject-c230c/databases/(default)/collectionGroups/-/fields?filter=indexConfig.usesAncestorConfig=false OR ttlConfig:* 200
[debug] [2023-11-09T15:06:06.816Z] <<< [apiv2][body] GET https://firestore.googleapis.com/v1/projects/ecsproject-c230c/databases/(default)/collectionGroups/-/fields?filter=indexConfig.usesAncestorConfig=false OR ttlConfig:* {"fields":[{"name":"projects/ecsproject-c230c/databases/(default)/collectionGroups/__default__/fields/*","indexConfig":{"indexes":[{"queryScope":"COLLECTION","fields":[{"fieldPath":"*","order":"ASCENDING"}],"state":"READY"},{"queryScope":"COLLECTION","fields":[{"fieldPath":"*","order":"DESCENDING"}],"state":"READY"},{"queryScope":"COLLECTION","fields":[{"fieldPath":"*","arrayConfig":"CONTAINS"}],"state":"READY"}]}}]}
[info] 
=== Functions Setup
[debug] [2023-11-09T15:06:06.818Z] > command requires scopes: ["email","openid","https://www.googleapis.com/auth/cloudplatformprojects.readonly","https://www.googleapis.com/auth/firebase","https://www.googleapis.com/auth/cloud-platform"]
[debug] [2023-11-09T15:06:06.818Z] > authorizing via signed-in user (psabarikrishnan@gmail.com)
[debug] [2023-11-09T15:06:06.818Z] [iam] checking project ecsproject-c230c for permissions ["firebase.projects.get"]
[debug] [2023-11-09T15:06:06.819Z] >>> [apiv2][query] POST https://cloudresourcemanager.googleapis.com/v1/projects/ecsproject-c230c:testIamPermissions [none]
[debug] [2023-11-09T15:06:06.819Z] >>> [apiv2][(partial)header] POST https://cloudresourcemanager.googleapis.com/v1/projects/ecsproject-c230c:testIamPermissions x-goog-quota-user=projects/ecsproject-c230c
[debug] [2023-11-09T15:06:06.819Z] >>> [apiv2][body] POST https://cloudresourcemanager.googleapis.com/v1/projects/ecsproject-c230c:testIamPermissions {"permissions":["firebase.projects.get"]}
[debug] [2023-11-09T15:06:08.143Z] <<< [apiv2][status] POST https://cloudresourcemanager.googleapis.com/v1/projects/ecsproject-c230c:testIamPermissions 200
[debug] [2023-11-09T15:06:08.143Z] <<< [apiv2][body] POST https://cloudresourcemanager.googleapis.com/v1/projects/ecsproject-c230c:testIamPermissions {"permissions":["firebase.projects.get"]}
[debug] [2023-11-09T15:06:08.144Z] >>> [apiv2][query] GET https://serviceusage.googleapis.com/v1/projects/ecsproject-c230c/services/cloudfunctions.googleapis.com [none]
[debug] [2023-11-09T15:06:08.144Z] >>> [apiv2][(partial)header] GET https://serviceusage.googleapis.com/v1/projects/ecsproject-c230c/services/cloudfunctions.googleapis.com x-goog-quota-user=projects/ecsproject-c230c
[debug] [2023-11-09T15:06:08.146Z] >>> [apiv2][query] GET https://serviceusage.googleapis.com/v1/projects/ecsproject-c230c/services/runtimeconfig.googleapis.com [none]
[debug] [2023-11-09T15:06:08.146Z] >>> [apiv2][(partial)header] GET https://serviceusage.googleapis.com/v1/projects/ecsproject-c230c/services/runtimeconfig.googleapis.com x-goog-quota-user=projects/ecsproject-c230c
[debug] [2023-11-09T15:06:09.735Z] <<< [apiv2][status] GET https://serviceusage.googleapis.com/v1/projects/ecsproject-c230c/services/cloudfunctions.googleapis.com 200
[debug] [2023-11-09T15:06:09.735Z] <<< [apiv2][body] GET https://serviceusage.googleapis.com/v1/projects/ecsproject-c230c/services/cloudfunctions.googleapis.com [omitted]
[debug] [2023-11-09T15:06:09.743Z] <<< [apiv2][status] GET https://serviceusage.googleapis.com/v1/projects/ecsproject-c230c/services/runtimeconfig.googleapis.com 200
[debug] [2023-11-09T15:06:09.744Z] <<< [apiv2][body] GET https://serviceusage.googleapis.com/v1/projects/ecsproject-c230c/services/runtimeconfig.googleapis.com [omitted]
[info] 
Detected existing codebase(s): default

[info] Let's create a new codebase for your functions.
[info] A directory corresponding to the codebase will be created in your project
[info] with sample code pre-configured.

[info] See https://firebase.google.com/docs/functions/organize-functions for
[info] more information on organizing your functions using codebases.

[info] Functions can be deployed with firebase deploy.

[info] +  Wrote sabari/requirements.txt 
[info] +  Wrote sabari/.gitignore 
[info] +  Wrote sabari/main.py 
[debug] [2023-11-09T15:06:35.446Z] Running command with virtualenv: command="C:\Users\PSABARIKRISHNAN\OneDrive\Desktop\ecs\sabari\venv\Scripts\activate.bat", args=["","&&","pip3","install","--upgrade","pip"]
[debug] [2023-11-09T15:06:49.042Z] Error: spawn "C:\Users\PSABARIKRISHNAN\OneDrive\Desktop\ecs\sabari\venv\Scripts\activate.bat" ENOENT
    at notFoundError (C:\Users\PSABARIKRISHNAN\AppData\Roaming\npm\node_modules\firebase-tools\node_modules\cross-spawn\lib\enoent.js:6:26)
    at verifyENOENT (C:\Users\PSABARIKRISHNAN\AppData\Roaming\npm\node_modules\firebase-tools\node_modules\cross-spawn\lib\enoent.js:40:16)
    at cp.emit (C:\Users\PSABARIKRISHNAN\AppData\Roaming\npm\node_modules\firebase-tools\node_modules\cross-spawn\lib\enoent.js:27:25)
    at ChildProcess._handle.onexit (node:internal/child_process:291:12)
[error] 
[error] Error: An unexpected error has occurred.
[debug] [2023-11-09T15:07:39.267Z] ----------------------------------------------------------------------
[debug] [2023-11-09T15:07:39.268Z] Command:       C:\Program Files\nodejs\node.exe C:\Users\PSABARIKRISHNAN\AppData\Roaming\npm\node_modules\firebase-tools\lib\bin\firebase.js init
[debug] [2023-11-09T15:07:39.268Z] CLI Version:   12.8.1
[debug] [2023-11-09T15:07:39.269Z] Platform:      win32
[debug] [2023-11-09T15:07:39.269Z] Node Version:  v18.17.1
[debug] [2023-11-09T15:07:39.269Z] Time:          Thu Nov 09 2023 20:37:39 GMT+0530 (India Standard Time)
[debug] [2023-11-09T15:07:39.270Z] ----------------------------------------------------------------------
[debug] 
[debug] [2023-11-09T15:07:39.274Z] > command requires scopes: ["email","openid","https://www.googleapis.com/auth/cloudplatformprojects.readonly","https://www.googleapis.com/auth/firebase","https://www.googleapis.com/auth/cloud-platform"]
[debug] [2023-11-09T15:07:39.275Z] > authorizing via signed-in user (psabarikrishnan@gmail.com)
[info] 
     ######## #### ########  ######## ########     ###     ######  ########
     ##        ##  ##     ## ##       ##     ##  ##   ##  ##       ##
     ######    ##  ########  ######   ########  #########  ######  ######
     ##        ##  ##    ##  ##       ##     ## ##     ##       ## ##
     ##       #### ##     ## ######## ########  ##     ##  ######  ########

You're about to initialize a Firebase project in this directory:

  C:\Users\PSABARIKRISHNAN\OneDrive\Desktop\ecs

[info] 
=== Project Setup
[info] 
[info] First, let's associate this project directory with a Firebase project.
[info] You can create multiple project aliases by running firebase use --add, 
[info] but for now we'll just set up a default project.
[info] 
[debug] [2023-11-09T15:07:59.094Z] >>> [apiv2][query] GET https://firebase.googleapis.com/v1beta1/projects pageSize=100
[debug] [2023-11-09T15:07:59.862Z] <<< [apiv2][status] GET https://firebase.googleapis.com/v1beta1/projects 200
[debug] [2023-11-09T15:07:59.862Z] <<< [apiv2][body] GET https://firebase.googleapis.com/v1beta1/projects [omitted]
[info] i  Using project ecsproject-c230c (ecsProject) 
[info] 
=== Database Setup
[info] i  database: ensuring required API firebasedatabase.googleapis.com is enabled... 
[debug] [2023-11-09T15:08:10.346Z] >>> [apiv2][query] GET https://serviceusage.googleapis.com/v1/projects/ecsproject-c230c/services/firebasedatabase.googleapis.com [none]
[debug] [2023-11-09T15:08:10.346Z] >>> [apiv2][(partial)header] GET https://serviceusage.googleapis.com/v1/projects/ecsproject-c230c/services/firebasedatabase.googleapis.com x-goog-quota-user=projects/ecsproject-c230c
[debug] [2023-11-09T15:08:11.957Z] <<< [apiv2][status] GET https://serviceusage.googleapis.com/v1/projects/ecsproject-c230c/services/firebasedatabase.googleapis.com 200
[debug] [2023-11-09T15:08:11.957Z] <<< [apiv2][body] GET https://serviceusage.googleapis.com/v1/projects/ecsproject-c230c/services/firebasedatabase.googleapis.com [omitted]
[info] +  database: required API firebasedatabase.googleapis.com is enabled 
[info] 
[debug] [2023-11-09T15:08:11.960Z] >>> [apiv2][query] GET https://firebasedatabase.googleapis.com/v1beta/projects/ecsproject-c230c/locations/-/instances/ecsproject-c230c-default-rtdb [none]
[debug] [2023-11-09T15:08:13.581Z] <<< [apiv2][status] GET https://firebasedatabase.googleapis.com/v1beta/projects/ecsproject-c230c/locations/-/instances/ecsproject-c230c-default-rtdb 200
[debug] [2023-11-09T15:08:13.582Z] <<< [apiv2][body] GET https://firebasedatabase.googleapis.com/v1beta/projects/ecsproject-c230c/locations/-/instances/ecsproject-c230c-default-rtdb {"name":"projects/494233574699/locations/asia-southeast1/instances/ecsproject-c230c-default-rtdb","project":"projects/494233574699","databaseUrl":"https://ecsproject-c230c-default-rtdb.asia-southeast1.firebasedatabase.app","type":"DEFAULT_DATABASE","state":"ACTIVE"}
[info] 
[info] Firebase Realtime Database Security Rules allow you to define how your data should be
[info] structured and when your data can be read from and written to.
[info] 
[debug] [2023-11-09T15:08:20.951Z] >>> [apiv2][query] GET https://ecsproject-c230c-default-rtdb.asia-southeast1.firebasedatabase.app/.settings/rules.json [none]
[debug] [2023-11-09T15:08:21.136Z] <<< [apiv2][status] GET https://ecsproject-c230c-default-rtdb.asia-southeast1.firebasedatabase.app/.settings/rules.json 200
[debug] [2023-11-09T15:08:21.136Z] <<< [apiv2][body] GET https://ecsproject-c230c-default-rtdb.asia-southeast1.firebasedatabase.app/.settings/rules.json [stream]
[info] +  Database Rules for ecsproject-c230c-default-rtdb have been written to database.rules.json. 
[info] Future modifications to database.rules.json will update Realtime Database Security Rules when you run
[info] firebase deploy.
[info] 
=== Firestore Setup
[debug] [2023-11-09T15:08:21.141Z] >>> [apiv2][query] GET https://serviceusage.googleapis.com/v1/projects/ecsproject-c230c/services/firestore.googleapis.com [none]
[debug] [2023-11-09T15:08:21.141Z] >>> [apiv2][(partial)header] GET https://serviceusage.googleapis.com/v1/projects/ecsproject-c230c/services/firestore.googleapis.com x-goog-quota-user=projects/ecsproject-c230c
[debug] [2023-11-09T15:08:22.725Z] <<< [apiv2][status] GET https://serviceusage.googleapis.com/v1/projects/ecsproject-c230c/services/firestore.googleapis.com 200
[debug] [2023-11-09T15:08:22.725Z] <<< [apiv2][body] GET https://serviceusage.googleapis.com/v1/projects/ecsproject-c230c/services/firestore.googleapis.com [omitted]
[debug] [2023-11-09T15:08:22.725Z] >>> [apiv2][query] GET https://firestore.googleapis.com/v1/projects/ecsproject-c230c/databases/(default) [none]
[debug] [2023-11-09T15:08:23.318Z] <<< [apiv2][status] GET https://firestore.googleapis.com/v1/projects/ecsproject-c230c/databases/(default) 200
[debug] [2023-11-09T15:08:23.319Z] <<< [apiv2][body] GET https://firestore.googleapis.com/v1/projects/ecsproject-c230c/databases/(default) {"name":"projects/ecsproject-c230c/databases/(default)","uid":"7c974287-9953-47d9-88b3-e5c363b9be56","createTime":"2023-11-09T06:57:16.930917Z","updateTime":"2023-11-09T06:57:16.930917Z","locationId":"asia-south1","type":"FIRESTORE_NATIVE","concurrencyMode":"PESSIMISTIC","versionRetentionPeriod":"3600s","earliestVersionTime":"2023-11-09T14:08:23.349558Z","appEngineIntegrationMode":"DISABLED","keyPrefix":"j","pointInTimeRecoveryEnablement":"POINT_IN_TIME_RECOVERY_DISABLED","deleteProtectionState":"DELETE_PROTECTION_DISABLED","etag":"IOe2xZmZt4IDMMvHktKrtoID"}
[debug] [2023-11-09T15:08:23.319Z] database_type: FIRESTORE_NATIVE
[debug] [2023-11-09T15:08:23.319Z] > command requires scopes: ["email","openid","https://www.googleapis.com/auth/cloudplatformprojects.readonly","https://www.googleapis.com/auth/firebase","https://www.googleapis.com/auth/cloud-platform"]
[debug] [2023-11-09T15:08:23.319Z] > authorizing via signed-in user (psabarikrishnan@gmail.com)
[debug] [2023-11-09T15:08:23.319Z] [iam] checking project ecsproject-c230c for permissions ["firebase.projects.get"]
[debug] [2023-11-09T15:08:23.320Z] >>> [apiv2][query] POST https://cloudresourcemanager.googleapis.com/v1/projects/ecsproject-c230c:testIamPermissions [none]
[debug] [2023-11-09T15:08:23.320Z] >>> [apiv2][(partial)header] POST https://cloudresourcemanager.googleapis.com/v1/projects/ecsproject-c230c:testIamPermissions x-goog-quota-user=projects/ecsproject-c230c
[debug] [2023-11-09T15:08:23.321Z] >>> [apiv2][body] POST https://cloudresourcemanager.googleapis.com/v1/projects/ecsproject-c230c:testIamPermissions {"permissions":["firebase.projects.get"]}
[debug] [2023-11-09T15:08:24.598Z] <<< [apiv2][status] POST https://cloudresourcemanager.googleapis.com/v1/projects/ecsproject-c230c:testIamPermissions 200
[debug] [2023-11-09T15:08:24.598Z] <<< [apiv2][body] POST https://cloudresourcemanager.googleapis.com/v1/projects/ecsproject-c230c:testIamPermissions {"permissions":["firebase.projects.get"]}
[info] 
[info] Firestore Security Rules allow you to define how and when to allow
[info] requests. You can keep these rules in your project directory
[info] and publish them with firebase deploy.
[info] 
[debug] [2023-11-09T15:08:27.217Z] >>> [apiv2][query] GET https://firebaserules.googleapis.com/v1/projects/ecsproject-c230c/releases pageSize=10&pageToken=
[debug] [2023-11-09T15:08:28.590Z] <<< [apiv2][status] GET https://firebaserules.googleapis.com/v1/projects/ecsproject-c230c/releases 200
[debug] [2023-11-09T15:08:28.590Z] <<< [apiv2][body] GET https://firebaserules.googleapis.com/v1/projects/ecsproject-c230c/releases {"releases":[{"name":"projects/ecsproject-c230c/releases/cloud.firestore","rulesetName":"projects/ecsproject-c230c/rulesets/7dca5207-9048-46f7-a8c8-04487104e7b8","createTime":"2023-11-09T06:57:20.989987Z","updateTime":"2023-11-09T06:57:20.989987Z"}]}
[debug] [2023-11-09T15:08:28.591Z] Found ruleset: projects/ecsproject-c230c/rulesets/7dca5207-9048-46f7-a8c8-04487104e7b8
[debug] [2023-11-09T15:08:28.591Z] >>> [apiv2][query] GET https://firebaserules.googleapis.com/v1/projects/ecsproject-c230c/rulesets/7dca5207-9048-46f7-a8c8-04487104e7b8 [none]
[debug] [2023-11-09T15:08:29.978Z] <<< [apiv2][status] GET https://firebaserules.googleapis.com/v1/projects/ecsproject-c230c/rulesets/7dca5207-9048-46f7-a8c8-04487104e7b8 200
[debug] [2023-11-09T15:08:29.978Z] <<< [apiv2][body] GET https://firebaserules.googleapis.com/v1/projects/ecsproject-c230c/rulesets/7dca5207-9048-46f7-a8c8-04487104e7b8 [omitted]
[info] 
[info] Firestore indexes allow you to perform complex queries while
[info] maintaining performance that scales with the size of the result
[info] set. You can keep index definitions in your project directory
[info] and publish them with firebase deploy.
[info] 
[debug] [2023-11-09T15:08:34.297Z] >>> [apiv2][query] GET https://firestore.googleapis.com/v1/projects/ecsproject-c230c/databases/(default)/collectionGroups/-/indexes [none]
[debug] [2023-11-09T15:08:34.299Z] >>> [apiv2][query] GET https://firestore.googleapis.com/v1/projects/ecsproject-c230c/databases/(default)/collectionGroups/-/fields?filter=indexConfig.usesAncestorConfig=false OR ttlConfig:* [none]
[debug] [2023-11-09T15:08:34.649Z] <<< [apiv2][status] GET https://firestore.googleapis.com/v1/projects/ecsproject-c230c/databases/(default)/collectionGroups/-/fields?filter=indexConfig.usesAncestorConfig=false OR ttlConfig:* 200
[debug] [2023-11-09T15:08:34.649Z] <<< [apiv2][body] GET https://firestore.googleapis.com/v1/projects/ecsproject-c230c/databases/(default)/collectionGroups/-/fields?filter=indexConfig.usesAncestorConfig=false OR ttlConfig:* {"fields":[{"name":"projects/ecsproject-c230c/databases/(default)/collectionGroups/__default__/fields/*","indexConfig":{"indexes":[{"queryScope":"COLLECTION","fields":[{"fieldPath":"*","order":"ASCENDING"}],"state":"READY"},{"queryScope":"COLLECTION","fields":[{"fieldPath":"*","order":"DESCENDING"}],"state":"READY"},{"queryScope":"COLLECTION","fields":[{"fieldPath":"*","arrayConfig":"CONTAINS"}],"state":"READY"}]}}]}
[debug] [2023-11-09T15:08:34.674Z] <<< [apiv2][status] GET https://firestore.googleapis.com/v1/projects/ecsproject-c230c/databases/(default)/collectionGroups/-/indexes 200
[debug] [2023-11-09T15:08:34.674Z] <<< [apiv2][body] GET https://firestore.googleapis.com/v1/projects/ecsproject-c230c/databases/(default)/collectionGroups/-/indexes {}
[info] 
=== Functions Setup
[debug] [2023-11-09T15:08:34.677Z] > command requires scopes: ["email","openid","https://www.googleapis.com/auth/cloudplatformprojects.readonly","https://www.googleapis.com/auth/firebase","https://www.googleapis.com/auth/cloud-platform"]
[debug] [2023-11-09T15:08:34.677Z] > authorizing via signed-in user (psabarikrishnan@gmail.com)
[debug] [2023-11-09T15:08:34.677Z] [iam] checking project ecsproject-c230c for permissions ["firebase.projects.get"]
[debug] [2023-11-09T15:08:34.677Z] >>> [apiv2][query] POST https://cloudresourcemanager.googleapis.com/v1/projects/ecsproject-c230c:testIamPermissions [none]
[debug] [2023-11-09T15:08:34.677Z] >>> [apiv2][(partial)header] POST https://cloudresourcemanager.googleapis.com/v1/projects/ecsproject-c230c:testIamPermissions x-goog-quota-user=projects/ecsproject-c230c
[debug] [2023-11-09T15:08:34.677Z] >>> [apiv2][body] POST https://cloudresourcemanager.googleapis.com/v1/projects/ecsproject-c230c:testIamPermissions {"permissions":["firebase.projects.get"]}
[debug] [2023-11-09T15:08:35.946Z] <<< [apiv2][status] POST https://cloudresourcemanager.googleapis.com/v1/projects/ecsproject-c230c:testIamPermissions 200
[debug] [2023-11-09T15:08:35.947Z] <<< [apiv2][body] POST https://cloudresourcemanager.googleapis.com/v1/projects/ecsproject-c230c:testIamPermissions {"permissions":["firebase.projects.get"]}
[debug] [2023-11-09T15:08:35.947Z] >>> [apiv2][query] GET https://serviceusage.googleapis.com/v1/projects/ecsproject-c230c/services/cloudfunctions.googleapis.com [none]
[debug] [2023-11-09T15:08:35.947Z] >>> [apiv2][(partial)header] GET https://serviceusage.googleapis.com/v1/projects/ecsproject-c230c/services/cloudfunctions.googleapis.com x-goog-quota-user=projects/ecsproject-c230c
[debug] [2023-11-09T15:08:35.950Z] >>> [apiv2][query] GET https://serviceusage.googleapis.com/v1/projects/ecsproject-c230c/services/runtimeconfig.googleapis.com [none]
[debug] [2023-11-09T15:08:35.950Z] >>> [apiv2][(partial)header] GET https://serviceusage.googleapis.com/v1/projects/ecsproject-c230c/services/runtimeconfig.googleapis.com x-goog-quota-user=projects/ecsproject-c230c
[debug] [2023-11-09T15:08:37.518Z] <<< [apiv2][status] GET https://serviceusage.googleapis.com/v1/projects/ecsproject-c230c/services/runtimeconfig.googleapis.com 200
[debug] [2023-11-09T15:08:37.518Z] <<< [apiv2][body] GET https://serviceusage.googleapis.com/v1/projects/ecsproject-c230c/services/runtimeconfig.googleapis.com [omitted]
[debug] [2023-11-09T15:08:37.530Z] <<< [apiv2][status] GET https://serviceusage.googleapis.com/v1/projects/ecsproject-c230c/services/cloudfunctions.googleapis.com 200
[debug] [2023-11-09T15:08:37.530Z] <<< [apiv2][body] GET https://serviceusage.googleapis.com/v1/projects/ecsproject-c230c/services/cloudfunctions.googleapis.com [omitted]
[info] 
Detected existing codebase(s): default

[info] 
Overwriting codebase default...

[info] +  Wrote functions/package.json 
[info] +  Wrote functions/.eslintrc.js 
[info] +  Wrote functions/index.js 
[info] +  Wrote functions/.gitignore 
[info] 
=== Hosting Setup
[info] 
[info] Your public directory is the folder (relative to your project directory) that
[info] will contain Hosting assets to be uploaded with firebase deploy. If you
[info] have a build process for your assets, use your build's output directory.
[info] 
[info] +  Wrote public/404.html 
[debug] [2023-11-09T15:19:31.116Z] >>> [apiv2][query] GET https://www.gstatic.com/firebasejs/releases.json [none]
[debug] [2023-11-09T15:19:31.230Z] <<< [apiv2][status] GET https://www.gstatic.com/firebasejs/releases.json 200
[debug] [2023-11-09T15:19:31.230Z] <<< [apiv2][body] GET https://www.gstatic.com/firebasejs/releases.json {"current":{"version":"10.5.2","browserURL":"https://www.gstatic.com/firebasejs/10.5.2/firebase.js","packageURL":"https://www.gstatic.com/firebasejs/10.5.2/firebase.tgz"},"live":{"version":"10.5","browserURL":"https://www.gstatic.com/firebasejs/live/10.5/firebase.js","packageURL":"https://www.gstatic.com/firebasejs/live/10.5/firebase.tgz"},"components":{"analytics":"https://www.gstatic.com/firebasejs/10.5.2/firebase-analytics.js","app":"https://www.gstatic.com/firebasejs/10.5.2/firebase-app.js","app-check":"https://www.gstatic.com/firebasejs/10.5.2/firebase-app-check.js","auth":"https://www.gstatic.com/firebasejs/10.5.2/firebase-auth.js","auth/cordova":"https://www.gstatic.com/firebasejs/10.5.2/firebase-auth/cordova.js","functions":"https://www.gstatic.com/firebasejs/10.5.2/firebase-functions.js","firestore":"https://www.gstatic.com/firebasejs/10.5.2/firebase-firestore.js","firestore/lite":"https://www.gstatic.com/firebasejs/10.5.2/firebase-firestore/lite.js","installations":"https://www.gstatic.com/firebasejs/10.5.2/firebase-installations.js","storage":"https://www.gstatic.com/firebasejs/10.5.2/firebase-storage.js","performance":"https://www.gstatic.com/firebasejs/10.5.2/firebase-performance.js","remote-config":"https://www.gstatic.com/firebasejs/10.5.2/firebase-remote-config.js","messaging":"https://www.gstatic.com/firebasejs/10.5.2/firebase-messaging.js","messaging/sw":"https://www.gstatic.com/firebasejs/10.5.2/firebase-messaging/sw.js","database":"https://www.gstatic.com/firebasejs/10.5.2/firebase-database.js","firestore.memory":"https://www.gstatic.com/firebasejs/10.5.2/firebase-firestore.memory.js"}}
[info] i  Skipping write of public/index.html 
[info] 
[info] i  Detected a .git folder at C:\Users\PSABARIKRISHNAN\OneDrive\Desktop\ecs 
[info] i  Authorizing with GitHub to upload your service account to a GitHub repository's secrets store. 
[info] 
[info] Visit this URL on this device to log in:
[info] https://github.com/login/oauth/authorize?client_id=89cf50f02ac6aaed3484&state=934640159&redirect_uri=http%3A%2F%2Flocalhost%3A9005&scope=read%3Auser%20repo%20public_repo
[info] 
[info] Waiting for authentication...
[debug] [2023-11-09T15:19:56.245Z] >>> [apiv2][query] POST https://github.com/login/oauth/access_token [none]
[debug] [2023-11-09T15:19:56.245Z] >>> [apiv2][body] POST https://github.com/login/oauth/access_token [stream]
[debug] [2023-11-09T15:19:56.663Z] <<< [apiv2][status] POST https://github.com/login/oauth/access_token 200
[debug] [2023-11-09T15:19:56.663Z] <<< [apiv2][body] POST https://github.com/login/oauth/access_token {"access_token":"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","token_type":"bearer","scope":"read:user,repo"}
[debug] [2023-11-09T15:19:56.672Z] >>> [apiv2][query] GET https://api.github.com/user [none]
[debug] [2023-11-09T15:19:57.136Z] <<< [apiv2][status] GET https://api.github.com/user 200
[debug] [2023-11-09T15:19:57.136Z] <<< [apiv2][body] GET https://api.github.com/user {"login":"sabari-krishnan-2004","id":142721056,"node_id":"U_kgDOCIHAIA","avatar_url":"https://avatars.githubusercontent.com/u/142721056?v=4","gravatar_id":"","url":"https://api.github.com/users/sabari-krishnan-2004","html_url":"https://github.com/sabari-krishnan-2004","followers_url":"https://api.github.com/users/sabari-krishnan-2004/followers","following_url":"https://api.github.com/users/sabari-krishnan-2004/following{/other_user}","gists_url":"https://api.github.com/users/sabari-krishnan-2004/gists{/gist_id}","starred_url":"https://api.github.com/users/sabari-krishnan-2004/starred{/owner}{/repo}","subscriptions_url":"https://api.github.com/users/sabari-krishnan-2004/subscriptions","organizations_url":"https://api.github.com/users/sabari-krishnan-2004/orgs","repos_url":"https://api.github.com/users/sabari-krishnan-2004/repos","events_url":"https://api.github.com/users/sabari-krishnan-2004/events{/privacy}","received_events_url":"https://api.github.com/users/sabari-krishnan-2004/received_events","type":"User","site_admin":false,"name":null,"company":null,"blog":"","location":null,"email":null,"hireable":null,"bio":null,"twitter_username":null,"public_repos":4,"public_gists":0,"followers":3,"following":0,"created_at":"2023-08-20T09:56:45Z","updated_at":"2023-08-20T09:57:50Z","private_gists":0,"total_private_repos":0,"owned_private_repos":0,"disk_usage":14990,"collaborators":0,"two_factor_authentication":false,"plan":{"name":"free","space":976562499,"collaborators":0,"private_repos":10000}}
[info] 
[info] +  Success! Logged into GitHub as sabari-krishnan-2004 
[info] 
[debug] [2023-11-09T15:20:54.493Z] >>> [apiv2][query] GET https://api.github.com/repos//actions/secrets/public-key type=owner
[debug] [2023-11-09T15:20:54.845Z] <<< [apiv2][status] GET https://api.github.com/repos//actions/secrets/public-key 404
[debug] [2023-11-09T15:20:54.846Z] <<< [apiv2][body] GET https://api.github.com/repos//actions/secrets/public-key {"message":"Not Found","documentation_url":"https://docs.github.com/rest"}
[info] 
[info] 
[error] !  The provided authorization cannot be used with this repository. If this repository is in an organization, did you remember to grant access? 
[info] 
[info] i  Action required: Visit this URL to ensure access has been granted to the appropriate organization(s) for the Firebase CLI GitHub OAuth App: 
[info] https://github.com/settings/connections/applications/89cf50f02ac6aaed3484
[info] 
